<?xml version="1.0" encoding="UTF-8"?>
<!-- Generated by org.testng.reporters.JUnitReportReporter -->
<testsuite hostname="DESKTOP-VNAPOA4" failures="0" tests="1" name="testCases.TC002_LoginWithCreds" time="4.928" errors="0" timestamp="2025-02-27T15:15:46 IST" skipped="0">
  <testcase classname="testCases.TC002_LoginWithCreds" name="login_with_valid_creds" time="4.928"/>
</testsuite> <!-- testCases.TC002_LoginWithCreds -->
