<?xml version="1.0" encoding="UTF-8"?>
<!-- Generated by org.testng.reporters.JUnitReportReporter -->
<testsuite hostname="DESKTOP-VNAPOA4" failures="0" tests="1" name="testCases.TC002_LoginWithCreds" time="1.544" errors="0" timestamp="2025-03-01T22:56:03 IST" skipped="0">
  <testcase classname="testCases.TC002_LoginWithCreds" name="login_with_valid_creds" time="1.544"/>
</testsuite> <!-- testCases.TC002_LoginWithCreds -->
