<?xml version="1.0" encoding="UTF-8"?>
<!-- Generated by org.testng.reporters.JUnitReportReporter -->
<testsuite hostname="DESKTOP-VNAPOA4" failures="0" tests="1" name="testCases.TC001_AccountRegistrationTest" time="6.523" errors="0" timestamp="2025-03-01T22:56:52 IST" skipped="0">
  <testcase classname="testCases.TC001_AccountRegistrationTest" name="new_registration" time="6.523"/>
</testsuite> <!-- testCases.TC001_AccountRegistrationTest -->
