<?xml version="1.0" encoding="UTF-8"?>
<!-- Generated by org.testng.reporters.JUnitReportReporter -->
<testsuite hostname="DESKTOP-VNAPOA4" failures="0" tests="1" name="testCases.TC002_LoginWithCreds" time="4.271" errors="0" timestamp="2025-03-01T23:50:43 IST" skipped="0">
  <testcase classname="testCases.TC002_LoginWithCreds" name="login_with_valid_creds" time="4.271"/>
</testsuite> <!-- testCases.TC002_LoginWithCreds -->
